# JRE version: OpenJDK Runtime Environment (8.0_322-b06) (build 1.8.0_322-b06)
# Java VM: OpenJDK 64-Bit Server VM (25.322-b06 mixed mode windows-amd64 compressed oops)
Heap:
 PSYoungGen      total 626176K, used 391739K [0x00000000d5580000, 0x0000000100000000, 0x0000000100000000)
  eden space 580096K, 59% used [0x00000000d5580000,0x00000000ea7124d8,0x00000000f8c00000)
  from space 46080K, 99% used [0x00000000fd300000,0x00000000ffffc988,0x0000000100000000)
  to   space 59392K, 0% used [0x00000000f8c00000,0x00000000f8c00000,0x00000000fc600000)
 ParOldGen       total 189440K, used 120471K [0x0000000080000000, 0x000000008b900000, 0x00000000d5580000)
  object space 189440K, 63% used [0x0000000080000000,0x00000000875a5c68,0x000000008b900000)
 Metaspace       used 126701K, capacity 132176K, committed 132224K, reserved 1165312K
  class space    used 15964K, capacity 17012K, committed 17024K, reserved 1048576K
GC Heap History (10 events):
Event: 30.273 GC heap before
{Heap before GC invocations=18 (full 3):
 PSYoungGen      total 645120K, used 38738K [0x00000000d5580000, 0x0000000100000000, 0x0000000100000000)
  eden space 622080K, 2% used [0x00000000d5580000,0x00000000d64d63a0,0x00000000fb500000)
  from space 23040K, 99% used [0x00000000fe980000,0x00000000ffffe758,0x0000000100000000)
  to   space 38400K, 0% used [0x00000000fb500000,0x00000000fb500000,0x00000000fda80000)
 ParOldGen       total 115200K, used 65070K [0x0000000080000000, 0x0000000087080000, 0x00000000d5580000)
  object space 115200K, 56% used [0x0000000080000000,0x0000000083f8bb60,0x0000000087080000)
 Metaspace       used 94361K, capacity 98416K, committed 98560K, reserved 1134592K
  class space    used 12642K, capacity 13484K, committed 13568K, reserved 1048576K
Event: 30.293 GC heap after
Heap after GC invocations=18 (full 3):
 PSYoungGen      total 660480K, used 871K [0x00000000d5580000, 0x0000000100000000, 0x0000000100000000)
  eden space 622080K, 0% used [0x00000000d5580000,0x00000000d5580000,0x00000000fb500000)
  from space 38400K, 2% used [0x00000000fb500000,0x00000000fb5d9db8,0x00000000fda80000)
  to   space 38400K, 0% used [0x00000000fda80000,0x00000000fda80000,0x0000000100000000)
 ParOldGen       total 115200K, used 88215K [0x0000000080000000, 0x0000000087080000, 0x00000000d5580000)
  object space 115200K, 76% used [0x0000000080000000,0x0000000085625d68,0x0000000087080000)
 Metaspace       used 94361K, capacity 98416K, committed 98560K, reserved 1134592K
  class space    used 12642K, capacity 13484K, committed 13568K, reserved 1048576K
}
Event: 30.293 GC heap before
{Heap before GC invocations=19 (full 4):
 PSYoungGen      total 660480K, used 871K [0x00000000d5580000, 0x0000000100000000, 0x0000000100000000)
  eden space 622080K, 0% used [0x00000000d5580000,0x00000000d5580000,0x00000000fb500000)
  from space 38400K, 2% used [0x00000000fb500000,0x00000000fb5d9db8,0x00000000fda80000)
  to   space 38400K, 0% used [0x00000000fda80000,0x00000000fda80000,0x0000000100000000)
 ParOldGen       total 115200K, used 88215K [0x0000000080000000, 0x0000000087080000, 0x00000000d5580000)
  object space 115200K, 76% used [0x0000000080000000,0x0000000085625d68,0x0000000087080000)
 Metaspace       used 94361K, capacity 98416K, committed 98560K, reserved 1134592K
  class space    used 12642K, capacity 13484K, committed 13568K, reserved 1048576K
Event: 30.645 GC heap after
Heap after GC invocations=19 (full 4):
 PSYoungGen      total 660480K, used 0K [0x00000000d5580000, 0x0000000100000000, 0x0000000100000000)
  eden space 622080K, 0% used [0x00000000d5580000,0x00000000d5580000,0x00000000fb500000)
  from space 38400K, 0% used [0x00000000fb500000,0x00000000fb500000,0x00000000fda80000)
  to   space 38400K, 0% used [0x00000000fda80000,0x00000000fda80000,0x0000000100000000)
 ParOldGen       total 189440K, used 84070K [0x0000000080000000, 0x000000008b900000, 0x00000000d5580000)
  object space 189440K, 44% used [0x0000000080000000,0x0000000085219808,0x000000008b900000)
 Metaspace       used 94266K, capacity 98146K, committed 98560K, reserved 1134592K
  class space    used 12615K, capacity 13415K, committed 13568K, reserved 1048576K
}
Event: 497.601 GC heap before
{Heap before GC invocations=20 (full 4):
 PSYoungGen      total 660480K, used 622080K [0x00000000d5580000, 0x0000000100000000, 0x0000000100000000)
  eden space 622080K, 100% used [0x00000000d5580000,0x00000000fb500000,0x00000000fb500000)
  from space 38400K, 0% used [0x00000000fb500000,0x00000000fb500000,0x00000000fda80000)
  to   space 38400K, 0% used [0x00000000fda80000,0x00000000fda80000,0x0000000100000000)
 ParOldGen       total 189440K, used 84070K [0x0000000080000000, 0x000000008b900000, 0x00000000d5580000)
  object space 189440K, 44% used [0x0000000080000000,0x0000000085219808,0x000000008b900000)
 Metaspace       used 106158K, capacity 110652K, committed 110848K, reserved 1144832K
  class space    used 13947K, capacity 14818K, committed 14848K, reserved 1048576K
Event: 497.648 GC heap after
Heap after GC invocations=20 (full 4):
 PSYoungGen      total 641024K, used 38374K [0x00000000d5580000, 0x0000000100000000, 0x0000000100000000)
  eden space 602624K, 0% used [0x00000000d5580000,0x00000000d5580000,0x00000000fa200000)
  from space 38400K, 99% used [0x00000000fda80000,0x00000000ffff9bc8,0x0000000100000000)
  to   space 48128K, 0% used [0x00000000fa200000,0x00000000fa200000,0x00000000fd100000)
 ParOldGen       total 189440K, used 91993K [0x0000000080000000, 0x000000008b900000, 0x00000000d5580000)
  object space 189440K, 48% used [0x0000000080000000,0x00000000859d6428,0x000000008b900000)
 Metaspace       used 106158K, capacity 110652K, committed 110848K, reserved 1144832K
  class space    used 13947K, capacity 14818K, committed 14848K, reserved 1048576K
}
Event: 514.268 GC heap before
{Heap before GC invocations=21 (full 4):
 PSYoungGen      total 641024K, used 640998K [0x00000000d5580000, 0x0000000100000000, 0x0000000100000000)
  eden space 602624K, 100% used [0x00000000d5580000,0x00000000fa200000,0x00000000fa200000)
  from space 38400K, 99% used [0x00000000fda80000,0x00000000ffff9bc8,0x0000000100000000)
  to   space 48128K, 0% used [0x00000000fa200000,0x00000000fa200000,0x00000000fd100000)
 ParOldGen       total 189440K, used 91993K [0x0000000080000000, 0x000000008b900000, 0x00000000d5580000)
  object space 189440K, 48% used [0x0000000080000000,0x00000000859d6428,0x000000008b900000)
 Metaspace       used 114273K, capacity 119066K, committed 119168K, reserved 1153024K
  class space    used 14768K, capacity 15695K, committed 15744K, reserved 1048576K
Event: 514.293 GC heap after
Heap after GC invocations=21 (full 4):
 PSYoungGen      total 650752K, used 19311K [0x00000000d5580000, 0x0000000100000000, 0x0000000100000000)
  eden space 602624K, 0% used [0x00000000d5580000,0x00000000d5580000,0x00000000fa200000)
  from space 48128K, 40% used [0x00000000fa200000,0x00000000fb4dbf30,0x00000000fd100000)
  to   space 46080K, 0% used [0x00000000fd300000,0x00000000fd300000,0x0000000100000000)
 ParOldGen       total 189440K, used 105685K [0x0000000080000000, 0x000000008b900000, 0x00000000d5580000)
  object space 189440K, 55% used [0x0000000080000000,0x0000000086735798,0x000000008b900000)
 Metaspace       used 114273K, capacity 119066K, committed 119168K, reserved 1153024K
  class space    used 14768K, capacity 15695K, committed 15744K, reserved 1048576K
}
Event: 551.478 GC heap before
{Heap before GC invocations=22 (full 4):
 PSYoungGen      total 650752K, used 621935K [0x00000000d5580000, 0x0000000100000000, 0x0000000100000000)
  eden space 602624K, 100% used [0x00000000d5580000,0x00000000fa200000,0x00000000fa200000)
  from space 48128K, 40% used [0x00000000fa200000,0x00000000fb4dbf30,0x00000000fd100000)
  to   space 46080K, 0% used [0x00000000fd300000,0x00000000fd300000,0x0000000100000000)
 ParOldGen       total 189440K, used 105685K [0x0000000080000000, 0x000000008b900000, 0x00000000d5580000)
  object space 189440K, 55% used [0x0000000080000000,0x0000000086735798,0x000000008b900000)
 Metaspace       used 126053K, capacity 131080K, committed 131328K, reserved 1163264K
  class space    used 15865K, capacity 16844K, committed 16896K, reserved 1048576K
Event: 551.528 GC heap after
Heap after GC invocations=22 (full 4):
 PSYoungGen      total 626176K, used 46066K [0x00000000d5580000, 0x0000000100000000, 0x0000000100000000)
  eden space 580096K, 0% used [0x00000000d5580000,0x00000000d5580000,0x00000000f8c00000)
  from space 46080K, 99% used [0x00000000fd300000,0x00000000ffffc988,0x0000000100000000)
  to   space 59392K, 0% used [0x00000000f8c00000,0x00000000f8c00000,0x00000000fc600000)
 ParOldGen       total 189440K, used 120471K [0x0000000080000000, 0x000000008b900000, 0x00000000d5580000)
  object space 189440K, 63% used [0x0000000080000000,0x00000000875a5c68,0x000000008b900000)
 Metaspace       used 126053K, capacity 131080K, committed 131328K, reserved 1163264K
  class space    used 15865K, capacity 16844K, committed 16896K, reserved 1048576K
}

